2021-10-24T01:14:53.686Z: 0.05002790002617985
2021-10-24T01:14:56.874Z: 0.04787900000519585
2021-10-24T01:14:59.849Z: 0.06952660001115873
2021-10-24T01:15:02.757Z: 0.08320129998901393
2021-10-24T04:21:43.506Z: 0.07365279999794438
2021-10-24T04:21:46.805Z: 0.0453115000273101
2021-10-24T04:21:50.004Z: 0.046278699999675155
2021-10-24T04:21:52.875Z: 0.04480969998985529
2021-10-24T04:21:56.162Z: 0.044392399984644726
2021-10-24T04:21:58.711Z: 0.050807899999199435
2021-10-24T04:22:01.869Z: 0.05832060001557693
2021-10-24T04:22:04.769Z: 0.0573807000182569
2021-10-24T04:22:07.681Z: 0.06402239997987635
2021-10-24T04:22:10.628Z: 0.04738499998347834
2021-10-24T04:22:13.559Z: 0.04786729998886585
2021-10-24T04:22:16.731Z: 0.04734730001655407
2021-10-24T04:22:20.002Z: 0.03756609998526983
2021-10-24T04:22:22.699Z: 0.04780360002769157
2021-10-24T04:22:24.465Z: 0.05563610000535846
2021-10-24T04:22:28.002Z: 0.08701029999065213
2021-10-24T04:22:30.692Z: 0.057458700030110776
2021-10-24T04:22:33.636Z: 0.05576349998591468
2021-10-24T04:22:36.326Z: 0.06863999998313375
2021-10-24T04:22:38.978Z: 0.04507230001036078
2021-10-24T04:22:41.975Z: 0.05439590002060868
2021-10-24T04:22:45.216Z: 0.07309900000109337
2021-10-24T04:22:47.963Z: 0.04558320000069216
2021-10-24T04:22:50.754Z: 0.07539479999104515
2021-10-24T04:22:53.600Z: 0.05048679999890737
2021-10-24T04:22:56.088Z: 0.055907800007844344
2021-10-24T04:22:58.604Z: 0.06459309998899698
2021-10-24T04:23:01.806Z: 0.052430300012929365
2021-10-24T04:23:03.875Z: 0.05329609996988438
2021-10-24T04:23:07.032Z: 0.051888200017856434
2021-10-24T04:23:09.891Z: 0.04969640000490472
2021-10-24T04:23:12.514Z: 0.049215400009416044
2021-10-24T04:23:15.207Z: 0.05095350003102794
2021-10-24T04:23:17.693Z: 0.05997549998573959
2021-10-24T04:23:20.694Z: 0.15327650000108406
2021-10-24T04:23:23.153Z: 0.08688029999029823
2021-10-24T04:23:26.415Z: 0.04454840000835247
2021-10-24T04:23:29.568Z: 0.044297499989625067
2021-10-24T04:23:32.039Z: 0.05405529998824932
2021-10-24T04:23:34.877Z: 0.04436379997059703
2021-10-24T04:23:37.984Z: 0.06731010001385584
2021-10-24T04:23:40.191Z: 0.058252999966498464
2021-10-24T04:23:42.848Z: 0.05103800000506453
2021-10-24T04:23:45.518Z: 0.04167280002729967
2021-10-24T04:23:49.087Z: 0.050690899981418625
2021-10-24T04:23:51.785Z: 0.0682929000176955
